<?xml version="1.0" encoding="UTF-8"?>
<!-- Generated by org.testng.reporters.JUnitXMLReporter -->
<testsuite hostname="DESKTOP-H6B6O4U" ignored="0" name="Test" tests="4" failures="0" timestamp="2020-04-29T19:51:31 IST" time="152.459" errors="0">
  <testcase name="doLogin" time="32.117" classname="com.addchart.demo.AmazonAppTestAll"/>
  <testcase name="changeCountrySetting" time="13.277" classname="com.addchart.demo.AmazonAppTestAll"/>
  <testcase name="addToCart" time="67.69" classname="com.addchart.demo.AmazonAppTestAll"/>
  <testcase name="screenRotationCheck" time="14.132" classname="com.addchart.demo.AmazonAppTestAll"/>
</testsuite> <!-- Test -->
