<?xml version="1.0" encoding="UTF-8"?>
<!-- Generated by org.testng.reporters.JUnitXMLReporter -->
<testsuite hostname="DESKTOP-H6B6O4U" ignored="0" name="Test" tests="4" failures="0" timestamp="2020-04-29T18:21:50 IST" time="227.722" errors="0">
  <testcase name="doLogin" time="38.223" classname="com.addchart.demo.AmazonAppTestAll"/>
  <testcase name="changeCountrySetting" time="32.565" classname="com.addchart.demo.AmazonAppTestAll"/>
  <testcase name="addToCart" time="69.514" classname="com.addchart.demo.AmazonAppTestAll"/>
  <testcase name="screenRotationCheck" time="38.681" classname="com.addchart.demo.AmazonAppTestAll"/>
</testsuite> <!-- Test -->
