<?xml version="1.0" encoding="UTF-8"?>
<testng-results skipped="0" failed="0" ignored="0" total="1" passed="1">
  <reporter-output>
  </reporter-output>
  <suite name="Default suite" duration-ms="92" started-at="2020-04-30T12:37:04 IST" finished-at="2020-04-30T12:37:04 IST">
    <groups>
    </groups>
    <test name="Default test" duration-ms="92" started-at="2020-04-30T12:37:04 IST" finished-at="2020-04-30T12:37:04 IST">
      <class name="com.addchart.demo.Test1">
        <test-method status="PASS" signature="testMethod()[pri:0, instance:com.addchart.demo.Test1@53f65459]" name="testMethod" duration-ms="45" started-at="2020-04-30T12:37:04 IST" finished-at="2020-04-30T12:37:04 IST">
          <reporter-output>
          </reporter-output>
        </test-method> <!-- testMethod -->
      </class> <!-- com.addchart.demo.Test1 -->
    </test> <!-- Default test -->
  </suite> <!-- Default suite -->
</testng-results>
